{"/Users/ryancorkrean/Library/Mobile Documents/com~apple~CloudDocs/Documents/Academics/Graduate Degree/Third Semester/CIS 550/Homeworks/Homework 2/HW2/server/routes.js": {"path":"/Users/ryancorkrean/Library/Mobile Documents/com~apple~CloudDocs/Documents/Academics/Graduate Degree/Third Semester/CIS 550/Homeworks/Homework 2/HW2/server/routes.js","statementMap":{"0":{"start":{"line":1,"column":15},"end":{"line":1,"column":39}},"1":{"start":{"line":2,"column":14},"end":{"line":2,"column":30}},"2":{"start":{"line":3,"column":10},"end":{"line":3,"column":28}},"3":{"start":{"line":6,"column":19},"end":{"line":12,"column":2}},"4":{"start":{"line":13,"column":0},"end":{"line":13,"column":21}},"5":{"start":{"line":23,"column":4},"end":{"line":27,"column":5}},"6":{"start":{"line":24,"column":8},"end":{"line":24,"column":73}},"7":{"start":{"line":26,"column":8},"end":{"line":26,"column":54}},"8":{"start":{"line":37,"column":19},"end":{"line":37,"column":43}},"9":{"start":{"line":38,"column":26},"end":{"line":38,"column":60}},"10":{"start":{"line":39,"column":17},"end":{"line":39,"column":59}},"11":{"start":{"line":41,"column":4},"end":{"line":51,"column":5}},"12":{"start":{"line":43,"column":8},"end":{"line":43,"column":78}},"13":{"start":{"line":44,"column":11},"end":{"line":51,"column":5}},"14":{"start":{"line":45,"column":32},"end":{"line":45,"column":61}},"15":{"start":{"line":47,"column":8},"end":{"line":47,"column":89}},"16":{"start":{"line":50,"column":8},"end":{"line":50,"column":69}},"17":{"start":{"line":66,"column":19},"end":{"line":66,"column":63}},"18":{"start":{"line":69,"column":21},"end":{"line":69,"column":65}},"19":{"start":{"line":71,"column":4},"end":{"line":102,"column":5}},"20":{"start":{"line":75,"column":8},"end":{"line":87,"column":11}},"21":{"start":{"line":81,"column":28},"end":{"line":86,"column":29}},"22":{"start":{"line":82,"column":32},"end":{"line":82,"column":50}},"23":{"start":{"line":83,"column":32},"end":{"line":83,"column":58}},"24":{"start":{"line":84,"column":35},"end":{"line":86,"column":29}},"25":{"start":{"line":85,"column":32},"end":{"line":85,"column":62}},"26":{"start":{"line":90,"column":8},"end":{"line":101,"column":11}},"27":{"start":{"line":95,"column":28},"end":{"line":100,"column":29}},"28":{"start":{"line":96,"column":32},"end":{"line":96,"column":50}},"29":{"start":{"line":97,"column":32},"end":{"line":97,"column":58}},"30":{"start":{"line":98,"column":35},"end":{"line":100,"column":29}},"31":{"start":{"line":99,"column":32},"end":{"line":99,"column":62}},"32":{"start":{"line":108,"column":21},"end":{"line":108,"column":65}},"33":{"start":{"line":110,"column":4},"end":{"line":135,"column":5}},"34":{"start":{"line":111,"column":8},"end":{"line":122,"column":11}},"35":{"start":{"line":116,"column":28},"end":{"line":121,"column":29}},"36":{"start":{"line":117,"column":32},"end":{"line":117,"column":50}},"37":{"start":{"line":118,"column":32},"end":{"line":118,"column":58}},"38":{"start":{"line":119,"column":35},"end":{"line":121,"column":29}},"39":{"start":{"line":120,"column":32},"end":{"line":120,"column":62}},"40":{"start":{"line":124,"column":8},"end":{"line":134,"column":11}},"41":{"start":{"line":128,"column":28},"end":{"line":133,"column":29}},"42":{"start":{"line":129,"column":32},"end":{"line":129,"column":50}},"43":{"start":{"line":130,"column":32},"end":{"line":130,"column":58}},"44":{"start":{"line":131,"column":35},"end":{"line":133,"column":29}},"45":{"start":{"line":132,"column":32},"end":{"line":132,"column":62}},"46":{"start":{"line":146,"column":4},"end":{"line":161,"column":5}},"47":{"start":{"line":147,"column":8},"end":{"line":157,"column":27}},"48":{"start":{"line":151,"column":28},"end":{"line":156,"column":29}},"49":{"start":{"line":152,"column":32},"end":{"line":152,"column":50}},"50":{"start":{"line":153,"column":32},"end":{"line":153,"column":58}},"51":{"start":{"line":154,"column":35},"end":{"line":156,"column":29}},"52":{"start":{"line":155,"column":32},"end":{"line":155,"column":69}},"53":{"start":{"line":159,"column":8},"end":{"line":159,"column":43}},"54":{"start":{"line":160,"column":8},"end":{"line":160,"column":52}},"55":{"start":{"line":171,"column":4},"end":{"line":202,"column":5}},"56":{"start":{"line":172,"column":8},"end":{"line":198,"column":27}},"57":{"start":{"line":176,"column":28},"end":{"line":196,"column":29}},"58":{"start":{"line":177,"column":32},"end":{"line":177,"column":50}},"59":{"start":{"line":178,"column":32},"end":{"line":178,"column":58}},"60":{"start":{"line":179,"column":35},"end":{"line":196,"column":29}},"61":{"start":{"line":180,"column":54},"end":{"line":180,"column":77}},"62":{"start":{"line":181,"column":32},"end":{"line":195,"column":33}},"63":{"start":{"line":182,"column":36},"end":{"line":182,"column":63}},"64":{"start":{"line":183,"column":36},"end":{"line":183,"column":67}},"65":{"start":{"line":184,"column":36},"end":{"line":184,"column":71}},"66":{"start":{"line":185,"column":36},"end":{"line":185,"column":63}},"67":{"start":{"line":186,"column":36},"end":{"line":186,"column":64}},"68":{"start":{"line":187,"column":36},"end":{"line":187,"column":67}},"69":{"start":{"line":189,"column":36},"end":{"line":189,"column":66}},"70":{"start":{"line":190,"column":36},"end":{"line":190,"column":63}},"71":{"start":{"line":191,"column":36},"end":{"line":191,"column":65}},"72":{"start":{"line":192,"column":36},"end":{"line":192,"column":64}},"73":{"start":{"line":193,"column":36},"end":{"line":193,"column":68}},"74":{"start":{"line":194,"column":36},"end":{"line":194,"column":65}},"75":{"start":{"line":197,"column":28},"end":{"line":197,"column":58}},"76":{"start":{"line":200,"column":8},"end":{"line":200,"column":44}},"77":{"start":{"line":201,"column":8},"end":{"line":201,"column":52}},"78":{"start":{"line":213,"column":21},"end":{"line":213,"column":65}},"79":{"start":{"line":214,"column":17},"end":{"line":214,"column":54}},"80":{"start":{"line":215,"column":17},"end":{"line":215,"column":54}},"81":{"start":{"line":217,"column":4},"end":{"line":244,"column":5}},"82":{"start":{"line":218,"column":8},"end":{"line":230,"column":11}},"83":{"start":{"line":224,"column":28},"end":{"line":229,"column":29}},"84":{"start":{"line":225,"column":32},"end":{"line":225,"column":50}},"85":{"start":{"line":226,"column":32},"end":{"line":226,"column":58}},"86":{"start":{"line":227,"column":35},"end":{"line":229,"column":29}},"87":{"start":{"line":228,"column":32},"end":{"line":228,"column":62}},"88":{"start":{"line":232,"column":8},"end":{"line":243,"column":11}},"89":{"start":{"line":237,"column":28},"end":{"line":242,"column":29}},"90":{"start":{"line":238,"column":32},"end":{"line":238,"column":50}},"91":{"start":{"line":239,"column":32},"end":{"line":239,"column":58}},"92":{"start":{"line":240,"column":35},"end":{"line":242,"column":29}},"93":{"start":{"line":241,"column":32},"end":{"line":241,"column":62}},"94":{"start":{"line":251,"column":21},"end":{"line":251,"column":65}},"95":{"start":{"line":252,"column":17},"end":{"line":252,"column":54}},"96":{"start":{"line":253,"column":24},"end":{"line":253,"column":75}},"97":{"start":{"line":254,"column":17},"end":{"line":254,"column":54}},"98":{"start":{"line":255,"column":22},"end":{"line":255,"column":67}},"99":{"start":{"line":256,"column":23},"end":{"line":256,"column":72}},"100":{"start":{"line":257,"column":25},"end":{"line":257,"column":76}},"101":{"start":{"line":258,"column":26},"end":{"line":258,"column":81}},"102":{"start":{"line":260,"column":4},"end":{"line":287,"column":5}},"103":{"start":{"line":261,"column":8},"end":{"line":273,"column":11}},"104":{"start":{"line":267,"column":28},"end":{"line":272,"column":29}},"105":{"start":{"line":268,"column":32},"end":{"line":268,"column":50}},"106":{"start":{"line":269,"column":32},"end":{"line":269,"column":58}},"107":{"start":{"line":270,"column":35},"end":{"line":272,"column":29}},"108":{"start":{"line":271,"column":32},"end":{"line":271,"column":62}},"109":{"start":{"line":275,"column":8},"end":{"line":286,"column":11}},"110":{"start":{"line":280,"column":28},"end":{"line":285,"column":29}},"111":{"start":{"line":281,"column":32},"end":{"line":281,"column":50}},"112":{"start":{"line":282,"column":32},"end":{"line":282,"column":58}},"113":{"start":{"line":283,"column":35},"end":{"line":285,"column":29}},"114":{"start":{"line":284,"column":32},"end":{"line":284,"column":62}},"115":{"start":{"line":290,"column":0},"end":{"line":299,"column":1}}},"fnMap":{"0":{"name":"hello","decl":{"start":{"line":21,"column":15},"end":{"line":21,"column":20}},"loc":{"start":{"line":21,"column":31},"end":{"line":28,"column":1}},"line":21},"1":{"name":"jersey","decl":{"start":{"line":36,"column":15},"end":{"line":36,"column":21}},"loc":{"start":{"line":36,"column":32},"end":{"line":52,"column":1}},"line":36},"2":{"name":"all_matches","decl":{"start":{"line":60,"column":15},"end":{"line":60,"column":26}},"loc":{"start":{"line":60,"column":37},"end":{"line":103,"column":1}},"line":60},"3":{"name":"(anonymous_3)","decl":{"start":{"line":80,"column":25},"end":{"line":80,"column":26}},"loc":{"start":{"line":80,"column":59},"end":{"line":87,"column":9}},"line":80},"4":{"name":"(anonymous_4)","decl":{"start":{"line":94,"column":25},"end":{"line":94,"column":26}},"loc":{"start":{"line":94,"column":59},"end":{"line":101,"column":9}},"line":94},"5":{"name":"all_players","decl":{"start":{"line":106,"column":15},"end":{"line":106,"column":26}},"loc":{"start":{"line":106,"column":37},"end":{"line":136,"column":1}},"line":106},"6":{"name":"(anonymous_6)","decl":{"start":{"line":115,"column":25},"end":{"line":115,"column":26}},"loc":{"start":{"line":115,"column":59},"end":{"line":122,"column":9}},"line":115},"7":{"name":"(anonymous_7)","decl":{"start":{"line":127,"column":26},"end":{"line":127,"column":27}},"loc":{"start":{"line":127,"column":60},"end":{"line":134,"column":9}},"line":127},"8":{"name":"match","decl":{"start":{"line":144,"column":15},"end":{"line":144,"column":20}},"loc":{"start":{"line":144,"column":31},"end":{"line":162,"column":1}},"line":144},"9":{"name":"(anonymous_9)","decl":{"start":{"line":150,"column":24},"end":{"line":150,"column":25}},"loc":{"start":{"line":150,"column":58},"end":{"line":157,"column":25}},"line":150},"10":{"name":"player","decl":{"start":{"line":169,"column":15},"end":{"line":169,"column":21}},"loc":{"start":{"line":169,"column":32},"end":{"line":203,"column":1}},"line":169},"11":{"name":"(anonymous_11)","decl":{"start":{"line":175,"column":24},"end":{"line":175,"column":25}},"loc":{"start":{"line":175,"column":58},"end":{"line":198,"column":25}},"line":175},"12":{"name":"search_matches","decl":{"start":{"line":210,"column":15},"end":{"line":210,"column":29}},"loc":{"start":{"line":210,"column":40},"end":{"line":245,"column":1}},"line":210},"13":{"name":"(anonymous_13)","decl":{"start":{"line":223,"column":25},"end":{"line":223,"column":26}},"loc":{"start":{"line":223,"column":59},"end":{"line":230,"column":9}},"line":223},"14":{"name":"(anonymous_14)","decl":{"start":{"line":236,"column":24},"end":{"line":236,"column":25}},"loc":{"start":{"line":236,"column":58},"end":{"line":243,"column":9}},"line":236},"15":{"name":"search_players","decl":{"start":{"line":248,"column":15},"end":{"line":248,"column":29}},"loc":{"start":{"line":248,"column":40},"end":{"line":288,"column":1}},"line":248},"16":{"name":"(anonymous_16)","decl":{"start":{"line":266,"column":25},"end":{"line":266,"column":26}},"loc":{"start":{"line":266,"column":59},"end":{"line":273,"column":9}},"line":266},"17":{"name":"(anonymous_17)","decl":{"start":{"line":279,"column":24},"end":{"line":279,"column":25}},"loc":{"start":{"line":279,"column":58},"end":{"line":286,"column":9}},"line":279}},"branchMap":{"0":{"loc":{"start":{"line":23,"column":4},"end":{"line":27,"column":5}},"type":"if","locations":[{"start":{"line":23,"column":4},"end":{"line":27,"column":5}},{"start":{"line":23,"column":4},"end":{"line":27,"column":5}}],"line":23},"1":{"loc":{"start":{"line":39,"column":17},"end":{"line":39,"column":59}},"type":"cond-expr","locations":[{"start":{"line":39,"column":34},"end":{"line":39,"column":48}},{"start":{"line":39,"column":51},"end":{"line":39,"column":59}}],"line":39},"2":{"loc":{"start":{"line":41,"column":4},"end":{"line":51,"column":5}},"type":"if","locations":[{"start":{"line":41,"column":4},"end":{"line":51,"column":5}},{"start":{"line":41,"column":4},"end":{"line":51,"column":5}}],"line":41},"3":{"loc":{"start":{"line":44,"column":11},"end":{"line":51,"column":5}},"type":"if","locations":[{"start":{"line":44,"column":11},"end":{"line":51,"column":5}},{"start":{"line":44,"column":11},"end":{"line":51,"column":5}}],"line":44},"4":{"loc":{"start":{"line":66,"column":19},"end":{"line":66,"column":63}},"type":"cond-expr","locations":[{"start":{"line":66,"column":39},"end":{"line":66,"column":56}},{"start":{"line":66,"column":59},"end":{"line":66,"column":63}}],"line":66},"5":{"loc":{"start":{"line":69,"column":21},"end":{"line":69,"column":65}},"type":"cond-expr","locations":[{"start":{"line":69,"column":42},"end":{"line":69,"column":60}},{"start":{"line":69,"column":63},"end":{"line":69,"column":65}}],"line":69},"6":{"loc":{"start":{"line":71,"column":4},"end":{"line":102,"column":5}},"type":"if","locations":[{"start":{"line":71,"column":4},"end":{"line":102,"column":5}},{"start":{"line":71,"column":4},"end":{"line":102,"column":5}}],"line":71},"7":{"loc":{"start":{"line":71,"column":8},"end":{"line":71,"column":48}},"type":"binary-expr","locations":[{"start":{"line":71,"column":8},"end":{"line":71,"column":22}},{"start":{"line":71,"column":26},"end":{"line":71,"column":48}}],"line":71},"8":{"loc":{"start":{"line":81,"column":28},"end":{"line":86,"column":29}},"type":"if","locations":[{"start":{"line":81,"column":28},"end":{"line":86,"column":29}},{"start":{"line":81,"column":28},"end":{"line":86,"column":29}}],"line":81},"9":{"loc":{"start":{"line":84,"column":35},"end":{"line":86,"column":29}},"type":"if","locations":[{"start":{"line":84,"column":35},"end":{"line":86,"column":29}},{"start":{"line":84,"column":35},"end":{"line":86,"column":29}}],"line":84},"10":{"loc":{"start":{"line":95,"column":28},"end":{"line":100,"column":29}},"type":"if","locations":[{"start":{"line":95,"column":28},"end":{"line":100,"column":29}},{"start":{"line":95,"column":28},"end":{"line":100,"column":29}}],"line":95},"11":{"loc":{"start":{"line":98,"column":35},"end":{"line":100,"column":29}},"type":"if","locations":[{"start":{"line":98,"column":35},"end":{"line":100,"column":29}},{"start":{"line":98,"column":35},"end":{"line":100,"column":29}}],"line":98},"12":{"loc":{"start":{"line":108,"column":21},"end":{"line":108,"column":65}},"type":"cond-expr","locations":[{"start":{"line":108,"column":42},"end":{"line":108,"column":60}},{"start":{"line":108,"column":63},"end":{"line":108,"column":65}}],"line":108},"13":{"loc":{"start":{"line":110,"column":4},"end":{"line":135,"column":5}},"type":"if","locations":[{"start":{"line":110,"column":4},"end":{"line":135,"column":5}},{"start":{"line":110,"column":4},"end":{"line":135,"column":5}}],"line":110},"14":{"loc":{"start":{"line":110,"column":8},"end":{"line":110,"column":48}},"type":"binary-expr","locations":[{"start":{"line":110,"column":8},"end":{"line":110,"column":22}},{"start":{"line":110,"column":26},"end":{"line":110,"column":48}}],"line":110},"15":{"loc":{"start":{"line":116,"column":28},"end":{"line":121,"column":29}},"type":"if","locations":[{"start":{"line":116,"column":28},"end":{"line":121,"column":29}},{"start":{"line":116,"column":28},"end":{"line":121,"column":29}}],"line":116},"16":{"loc":{"start":{"line":119,"column":35},"end":{"line":121,"column":29}},"type":"if","locations":[{"start":{"line":119,"column":35},"end":{"line":121,"column":29}},{"start":{"line":119,"column":35},"end":{"line":121,"column":29}}],"line":119},"17":{"loc":{"start":{"line":128,"column":28},"end":{"line":133,"column":29}},"type":"if","locations":[{"start":{"line":128,"column":28},"end":{"line":133,"column":29}},{"start":{"line":128,"column":28},"end":{"line":133,"column":29}}],"line":128},"18":{"loc":{"start":{"line":131,"column":35},"end":{"line":133,"column":29}},"type":"if","locations":[{"start":{"line":131,"column":35},"end":{"line":133,"column":29}},{"start":{"line":131,"column":35},"end":{"line":133,"column":29}}],"line":131},"19":{"loc":{"start":{"line":146,"column":4},"end":{"line":161,"column":5}},"type":"if","locations":[{"start":{"line":146,"column":4},"end":{"line":161,"column":5}},{"start":{"line":146,"column":4},"end":{"line":161,"column":5}}],"line":146},"20":{"loc":{"start":{"line":151,"column":28},"end":{"line":156,"column":29}},"type":"if","locations":[{"start":{"line":151,"column":28},"end":{"line":156,"column":29}},{"start":{"line":151,"column":28},"end":{"line":156,"column":29}}],"line":151},"21":{"loc":{"start":{"line":154,"column":35},"end":{"line":156,"column":29}},"type":"if","locations":[{"start":{"line":154,"column":35},"end":{"line":156,"column":29}},{"start":{"line":154,"column":35},"end":{"line":156,"column":29}}],"line":154},"22":{"loc":{"start":{"line":171,"column":4},"end":{"line":202,"column":5}},"type":"if","locations":[{"start":{"line":171,"column":4},"end":{"line":202,"column":5}},{"start":{"line":171,"column":4},"end":{"line":202,"column":5}}],"line":171},"23":{"loc":{"start":{"line":176,"column":28},"end":{"line":196,"column":29}},"type":"if","locations":[{"start":{"line":176,"column":28},"end":{"line":196,"column":29}},{"start":{"line":176,"column":28},"end":{"line":196,"column":29}}],"line":176},"24":{"loc":{"start":{"line":179,"column":35},"end":{"line":196,"column":29}},"type":"if","locations":[{"start":{"line":179,"column":35},"end":{"line":196,"column":29}},{"start":{"line":179,"column":35},"end":{"line":196,"column":29}}],"line":179},"25":{"loc":{"start":{"line":181,"column":32},"end":{"line":195,"column":33}},"type":"if","locations":[{"start":{"line":181,"column":32},"end":{"line":195,"column":33}},{"start":{"line":181,"column":32},"end":{"line":195,"column":33}}],"line":181},"26":{"loc":{"start":{"line":213,"column":21},"end":{"line":213,"column":65}},"type":"cond-expr","locations":[{"start":{"line":213,"column":42},"end":{"line":213,"column":60}},{"start":{"line":213,"column":63},"end":{"line":213,"column":65}}],"line":213},"27":{"loc":{"start":{"line":214,"column":17},"end":{"line":214,"column":54}},"type":"cond-expr","locations":[{"start":{"line":214,"column":34},"end":{"line":214,"column":48}},{"start":{"line":214,"column":51},"end":{"line":214,"column":54}}],"line":214},"28":{"loc":{"start":{"line":215,"column":17},"end":{"line":215,"column":54}},"type":"cond-expr","locations":[{"start":{"line":215,"column":34},"end":{"line":215,"column":48}},{"start":{"line":215,"column":51},"end":{"line":215,"column":54}}],"line":215},"29":{"loc":{"start":{"line":217,"column":4},"end":{"line":244,"column":5}},"type":"if","locations":[{"start":{"line":217,"column":4},"end":{"line":244,"column":5}},{"start":{"line":217,"column":4},"end":{"line":244,"column":5}}],"line":217},"30":{"loc":{"start":{"line":217,"column":8},"end":{"line":217,"column":48}},"type":"binary-expr","locations":[{"start":{"line":217,"column":8},"end":{"line":217,"column":22}},{"start":{"line":217,"column":26},"end":{"line":217,"column":48}}],"line":217},"31":{"loc":{"start":{"line":224,"column":28},"end":{"line":229,"column":29}},"type":"if","locations":[{"start":{"line":224,"column":28},"end":{"line":229,"column":29}},{"start":{"line":224,"column":28},"end":{"line":229,"column":29}}],"line":224},"32":{"loc":{"start":{"line":227,"column":35},"end":{"line":229,"column":29}},"type":"if","locations":[{"start":{"line":227,"column":35},"end":{"line":229,"column":29}},{"start":{"line":227,"column":35},"end":{"line":229,"column":29}}],"line":227},"33":{"loc":{"start":{"line":237,"column":28},"end":{"line":242,"column":29}},"type":"if","locations":[{"start":{"line":237,"column":28},"end":{"line":242,"column":29}},{"start":{"line":237,"column":28},"end":{"line":242,"column":29}}],"line":237},"34":{"loc":{"start":{"line":240,"column":35},"end":{"line":242,"column":29}},"type":"if","locations":[{"start":{"line":240,"column":35},"end":{"line":242,"column":29}},{"start":{"line":240,"column":35},"end":{"line":242,"column":29}}],"line":240},"35":{"loc":{"start":{"line":251,"column":21},"end":{"line":251,"column":65}},"type":"cond-expr","locations":[{"start":{"line":251,"column":42},"end":{"line":251,"column":60}},{"start":{"line":251,"column":63},"end":{"line":251,"column":65}}],"line":251},"36":{"loc":{"start":{"line":252,"column":17},"end":{"line":252,"column":54}},"type":"cond-expr","locations":[{"start":{"line":252,"column":34},"end":{"line":252,"column":48}},{"start":{"line":252,"column":51},"end":{"line":252,"column":54}}],"line":252},"37":{"loc":{"start":{"line":253,"column":24},"end":{"line":253,"column":75}},"type":"cond-expr","locations":[{"start":{"line":253,"column":48},"end":{"line":253,"column":69}},{"start":{"line":253,"column":72},"end":{"line":253,"column":75}}],"line":253},"38":{"loc":{"start":{"line":254,"column":17},"end":{"line":254,"column":54}},"type":"cond-expr","locations":[{"start":{"line":254,"column":34},"end":{"line":254,"column":48}},{"start":{"line":254,"column":51},"end":{"line":254,"column":54}}],"line":254},"39":{"loc":{"start":{"line":255,"column":22},"end":{"line":255,"column":67}},"type":"cond-expr","locations":[{"start":{"line":255,"column":44},"end":{"line":255,"column":63}},{"start":{"line":255,"column":66},"end":{"line":255,"column":67}}],"line":255},"40":{"loc":{"start":{"line":256,"column":23},"end":{"line":256,"column":72}},"type":"cond-expr","locations":[{"start":{"line":256,"column":46},"end":{"line":256,"column":66}},{"start":{"line":256,"column":69},"end":{"line":256,"column":72}}],"line":256},"41":{"loc":{"start":{"line":257,"column":25},"end":{"line":257,"column":76}},"type":"cond-expr","locations":[{"start":{"line":257,"column":50},"end":{"line":257,"column":72}},{"start":{"line":257,"column":75},"end":{"line":257,"column":76}}],"line":257},"42":{"loc":{"start":{"line":258,"column":26},"end":{"line":258,"column":81}},"type":"cond-expr","locations":[{"start":{"line":258,"column":52},"end":{"line":258,"column":75}},{"start":{"line":258,"column":78},"end":{"line":258,"column":81}}],"line":258},"43":{"loc":{"start":{"line":260,"column":4},"end":{"line":287,"column":5}},"type":"if","locations":[{"start":{"line":260,"column":4},"end":{"line":287,"column":5}},{"start":{"line":260,"column":4},"end":{"line":287,"column":5}}],"line":260},"44":{"loc":{"start":{"line":260,"column":8},"end":{"line":260,"column":48}},"type":"binary-expr","locations":[{"start":{"line":260,"column":8},"end":{"line":260,"column":22}},{"start":{"line":260,"column":26},"end":{"line":260,"column":48}}],"line":260},"45":{"loc":{"start":{"line":267,"column":28},"end":{"line":272,"column":29}},"type":"if","locations":[{"start":{"line":267,"column":28},"end":{"line":272,"column":29}},{"start":{"line":267,"column":28},"end":{"line":272,"column":29}}],"line":267},"46":{"loc":{"start":{"line":270,"column":35},"end":{"line":272,"column":29}},"type":"if","locations":[{"start":{"line":270,"column":35},"end":{"line":272,"column":29}},{"start":{"line":270,"column":35},"end":{"line":272,"column":29}}],"line":270},"47":{"loc":{"start":{"line":280,"column":28},"end":{"line":285,"column":29}},"type":"if","locations":[{"start":{"line":280,"column":28},"end":{"line":285,"column":29}},{"start":{"line":280,"column":28},"end":{"line":285,"column":29}}],"line":280},"48":{"loc":{"start":{"line":283,"column":35},"end":{"line":285,"column":29}},"type":"if","locations":[{"start":{"line":283,"column":35},"end":{"line":285,"column":29}},{"start":{"line":283,"column":35},"end":{"line":285,"column":29}}],"line":283}},"s":{"0":1,"1":1,"2":1,"3":1,"4":1,"5":2,"6":1,"7":1,"8":21,"9":21,"10":21,"11":21,"12":10,"13":11,"14":10,"15":10,"16":1,"17":2,"18":2,"19":2,"20":1,"21":1,"22":0,"23":0,"24":1,"25":1,"26":1,"27":1,"28":0,"29":0,"30":1,"31":1,"32":1,"33":1,"34":0,"35":0,"36":0,"37":0,"38":0,"39":0,"40":1,"41":1,"42":0,"43":0,"44":1,"45":1,"46":1,"47":1,"48":1,"49":0,"50":0,"51":1,"52":1,"53":0,"54":0,"55":2,"56":2,"57":2,"58":0,"59":0,"60":2,"61":2,"62":2,"63":1,"64":1,"65":1,"66":1,"67":1,"68":1,"69":1,"70":1,"71":1,"72":1,"73":1,"74":1,"75":2,"76":0,"77":0,"78":1,"79":1,"80":1,"81":1,"82":0,"83":0,"84":0,"85":0,"86":0,"87":0,"88":1,"89":1,"90":0,"91":0,"92":1,"93":1,"94":1,"95":1,"96":1,"97":1,"98":1,"99":1,"100":1,"101":1,"102":1,"103":0,"104":0,"105":0,"106":0,"107":0,"108":0,"109":1,"110":1,"111":0,"112":0,"113":1,"114":1,"115":1},"f":{"0":2,"1":21,"2":2,"3":1,"4":1,"5":1,"6":0,"7":1,"8":1,"9":1,"10":2,"11":2,"12":1,"13":0,"14":1,"15":1,"16":0,"17":1},"b":{"0":[1,1],"1":[10,11],"2":[10,11],"3":[10,1],"4":[2,0],"5":[1,1],"6":[1,1],"7":[2,1],"8":[0,1],"9":[1,0],"10":[0,1],"11":[1,0],"12":[0,1],"13":[0,1],"14":[1,0],"15":[0,0],"16":[0,0],"17":[0,1],"18":[1,0],"19":[1,0],"20":[0,1],"21":[1,0],"22":[2,0],"23":[0,2],"24":[2,0],"25":[1,1],"26":[0,1],"27":[1,0],"28":[1,0],"29":[0,1],"30":[1,0],"31":[0,0],"32":[0,0],"33":[0,1],"34":[1,0],"35":[0,1],"36":[1,0],"37":[1,0],"38":[1,0],"39":[0,1],"40":[0,1],"41":[0,1],"42":[0,1],"43":[0,1],"44":[1,0],"45":[0,0],"46":[0,0],"47":[0,1],"48":[1,0]},"_coverageSchema":"1a1c01bbd47fc00a2c39e90264f33305004495a9","hash":"65b35bc155241e98d6ad76b5cd5d7cbe644eb124"}
,"/Users/ryancorkrean/Library/Mobile Documents/com~apple~CloudDocs/Documents/Academics/Graduate Degree/Third Semester/CIS 550/Homeworks/Homework 2/HW2/server/server.js": {"path":"/Users/ryancorkrean/Library/Mobile Documents/com~apple~CloudDocs/Documents/Academics/Graduate Degree/Third Semester/CIS 550/Homeworks/Homework 2/HW2/server/server.js","statementMap":{"0":{"start":{"line":1,"column":16},"end":{"line":1,"column":34}},"1":{"start":{"line":2,"column":14},"end":{"line":2,"column":30}},"2":{"start":{"line":3,"column":11},"end":{"line":3,"column":26}},"3":{"start":{"line":6,"column":15},"end":{"line":6,"column":34}},"4":{"start":{"line":7,"column":15},"end":{"line":7,"column":39}},"5":{"start":{"line":9,"column":12},"end":{"line":9,"column":21}},"6":{"start":{"line":12,"column":0},"end":{"line":12,"column":72}},"7":{"start":{"line":15,"column":0},"end":{"line":15,"column":31}},"8":{"start":{"line":18,"column":0},"end":{"line":18,"column":41}},"9":{"start":{"line":21,"column":0},"end":{"line":21,"column":47}},"10":{"start":{"line":24,"column":0},"end":{"line":24,"column":39}},"11":{"start":{"line":27,"column":0},"end":{"line":27,"column":31}},"12":{"start":{"line":30,"column":0},"end":{"line":30,"column":33}},"13":{"start":{"line":33,"column":0},"end":{"line":33,"column":49}},"14":{"start":{"line":36,"column":0},"end":{"line":36,"column":49}},"15":{"start":{"line":42,"column":0},"end":{"line":44,"column":3}},"16":{"start":{"line":43,"column":4},"end":{"line":43,"column":89}},"17":{"start":{"line":46,"column":0},"end":{"line":46,"column":21}}},"fnMap":{"0":{"name":"(anonymous_0)","decl":{"start":{"line":42,"column":31},"end":{"line":42,"column":32}},"loc":{"start":{"line":42,"column":37},"end":{"line":44,"column":1}},"line":42}},"branchMap":{},"s":{"0":1,"1":1,"2":1,"3":1,"4":1,"5":1,"6":1,"7":1,"8":1,"9":1,"10":1,"11":1,"12":1,"13":1,"14":1,"15":1,"16":1,"17":1},"f":{"0":1},"b":{},"_coverageSchema":"1a1c01bbd47fc00a2c39e90264f33305004495a9","hash":"ed4dc8ecd3429d294a39ec1ee8da07536f6d227a"}
}
