TN:
SF:routes.js
FN:21,hello
FN:36,jersey
FN:60,all_matches
FN:80,(anonymous_3)
FN:94,(anonymous_4)
FN:106,all_players
FN:115,(anonymous_6)
FN:127,(anonymous_7)
FN:144,match
FN:150,(anonymous_9)
FN:169,player
FN:175,(anonymous_11)
FN:210,search_matches
FN:223,(anonymous_13)
FN:236,(anonymous_14)
FN:248,search_players
FN:266,(anonymous_16)
FN:279,(anonymous_17)
FNF:18
FNH:15
FNDA:2,hello
FNDA:21,jersey
FNDA:2,all_matches
FNDA:1,(anonymous_3)
FNDA:1,(anonymous_4)
FNDA:1,all_players
FNDA:0,(anonymous_6)
FNDA:1,(anonymous_7)
FNDA:1,match
FNDA:1,(anonymous_9)
FNDA:2,player
FNDA:2,(anonymous_11)
FNDA:1,search_matches
FNDA:0,(anonymous_13)
FNDA:1,(anonymous_14)
FNDA:1,search_players
FNDA:0,(anonymous_16)
FNDA:1,(anonymous_17)
DA:1,1
DA:2,1
DA:3,1
DA:6,1
DA:13,1
DA:23,2
DA:24,1
DA:26,1
DA:37,21
DA:38,21
DA:39,21
DA:41,21
DA:43,10
DA:44,11
DA:45,10
DA:47,10
DA:50,1
DA:66,2
DA:69,2
DA:71,2
DA:75,1
DA:81,1
DA:82,0
DA:83,0
DA:84,1
DA:85,1
DA:90,1
DA:95,1
DA:96,0
DA:97,0
DA:98,1
DA:99,1
DA:108,1
DA:110,1
DA:111,0
DA:116,0
DA:117,0
DA:118,0
DA:119,0
DA:120,0
DA:124,1
DA:128,1
DA:129,0
DA:130,0
DA:131,1
DA:132,1
DA:146,1
DA:147,1
DA:151,1
DA:152,0
DA:153,0
DA:154,1
DA:155,1
DA:159,0
DA:160,0
DA:171,2
DA:172,2
DA:176,2
DA:177,0
DA:178,0
DA:179,2
DA:180,2
DA:181,2
DA:182,1
DA:183,1
DA:184,1
DA:185,1
DA:186,1
DA:187,1
DA:189,1
DA:190,1
DA:191,1
DA:192,1
DA:193,1
DA:194,1
DA:197,2
DA:200,0
DA:201,0
DA:213,1
DA:214,1
DA:215,1
DA:217,1
DA:218,0
DA:224,0
DA:225,0
DA:226,0
DA:227,0
DA:228,0
DA:232,1
DA:237,1
DA:238,0
DA:239,0
DA:240,1
DA:241,1
DA:251,1
DA:252,1
DA:253,1
DA:254,1
DA:255,1
DA:256,1
DA:257,1
DA:258,1
DA:260,1
DA:261,0
DA:267,0
DA:268,0
DA:269,0
DA:270,0
DA:271,0
DA:275,1
DA:280,1
DA:281,0
DA:282,0
DA:283,1
DA:284,1
DA:290,1
LF:116
LH:80
BRDA:23,0,0,1
BRDA:23,0,1,1
BRDA:39,1,0,10
BRDA:39,1,1,11
BRDA:41,2,0,10
BRDA:41,2,1,11
BRDA:44,3,0,10
BRDA:44,3,1,1
BRDA:66,4,0,2
BRDA:66,4,1,0
BRDA:69,5,0,1
BRDA:69,5,1,1
BRDA:71,6,0,1
BRDA:71,6,1,1
BRDA:71,7,0,2
BRDA:71,7,1,1
BRDA:81,8,0,0
BRDA:81,8,1,1
BRDA:84,9,0,1
BRDA:84,9,1,0
BRDA:95,10,0,0
BRDA:95,10,1,1
BRDA:98,11,0,1
BRDA:98,11,1,0
BRDA:108,12,0,0
BRDA:108,12,1,1
BRDA:110,13,0,0
BRDA:110,13,1,1
BRDA:110,14,0,1
BRDA:110,14,1,0
BRDA:116,15,0,0
BRDA:116,15,1,0
BRDA:119,16,0,0
BRDA:119,16,1,0
BRDA:128,17,0,0
BRDA:128,17,1,1
BRDA:131,18,0,1
BRDA:131,18,1,0
BRDA:146,19,0,1
BRDA:146,19,1,0
BRDA:151,20,0,0
BRDA:151,20,1,1
BRDA:154,21,0,1
BRDA:154,21,1,0
BRDA:171,22,0,2
BRDA:171,22,1,0
BRDA:176,23,0,0
BRDA:176,23,1,2
BRDA:179,24,0,2
BRDA:179,24,1,0
BRDA:181,25,0,1
BRDA:181,25,1,1
BRDA:213,26,0,0
BRDA:213,26,1,1
BRDA:214,27,0,1
BRDA:214,27,1,0
BRDA:215,28,0,1
BRDA:215,28,1,0
BRDA:217,29,0,0
BRDA:217,29,1,1
BRDA:217,30,0,1
BRDA:217,30,1,0
BRDA:224,31,0,0
BRDA:224,31,1,0
BRDA:227,32,0,0
BRDA:227,32,1,0
BRDA:237,33,0,0
BRDA:237,33,1,1
BRDA:240,34,0,1
BRDA:240,34,1,0
BRDA:251,35,0,0
BRDA:251,35,1,1
BRDA:252,36,0,1
BRDA:252,36,1,0
BRDA:253,37,0,1
BRDA:253,37,1,0
BRDA:254,38,0,1
BRDA:254,38,1,0
BRDA:255,39,0,0
BRDA:255,39,1,1
BRDA:256,40,0,0
BRDA:256,40,1,1
BRDA:257,41,0,0
BRDA:257,41,1,1
BRDA:258,42,0,0
BRDA:258,42,1,1
BRDA:260,43,0,0
BRDA:260,43,1,1
BRDA:260,44,0,1
BRDA:260,44,1,0
BRDA:267,45,0,0
BRDA:267,45,1,0
BRDA:270,46,0,0
BRDA:270,46,1,0
BRDA:280,47,0,0
BRDA:280,47,1,1
BRDA:283,48,0,1
BRDA:283,48,1,0
BRF:98
BRH:51
end_of_record
TN:
SF:server.js
FN:42,(anonymous_0)
FNF:1
FNH:1
FNDA:1,(anonymous_0)
DA:1,1
DA:2,1
DA:3,1
DA:6,1
DA:7,1
DA:9,1
DA:12,1
DA:15,1
DA:18,1
DA:21,1
DA:24,1
DA:27,1
DA:30,1
DA:33,1
DA:36,1
DA:42,1
DA:43,1
DA:46,1
LF:18
LH:18
BRF:0
BRH:0
end_of_record
